<?xml version="1.0" encoding="UTF-8"?>
<beans xmlns="http://www.springframework.org/schema/beans"
       xmlns:xsi="http://www.w3.org/2001/XMLSchema-instance"
       xmlns:context="http://www.springframework.org/schema/context"
       xmlns:tx="http://www.springframework.org/schema/tx"
       xsi:schemaLocation="http://www.springframework.org/schema/beans
       http://www.springframework.org/schema/beans/spring-beans.xsd
       http://www.springframework.org/schema/context
       http://www.springframework.org/schema/context/spring-context.xsd
       http://www.springframework.org/schema/tx
       http://www.springframework.org/schema/tx/spring-tx.xsd">

    <!-- Component scanning for annotations -->
    <context:component-scan base-package="com.develop.springmvc"/>

    <!-- H2 DataSource for Testing -->
    <bean id="dataSource" class="org.springframework.jdbc.datasource.DriverManagerDataSource">
        <property name="driverClassName" value="org.h2.Driver"/>
        <property name="url" value="jdbc:h2:mem:test;DB_CLOSE_DELAY=-1;DB_CLOSE_ON_EXIT=FALSE"/>
        <property name="username" value="sa"/>
        <property name="password" value=""/>
    </bean>

    <!-- Database Initializer that runs the SQL scripts -->
    <bean id="databaseInitializer" class="org.springframework.jdbc.datasource.init.DataSourceInitializer">
        <property name="dataSource" ref="dataSource"/>
        <property name="databasePopulator" ref="databasePopulator"/>
    </bean>

    <!-- Database Populator which contains the SQL scripts -->
    <bean id="databasePopulator" class="org.springframework.jdbc.datasource.init.ResourceDatabasePopulator">
        <property name="sqlScriptEncoding" value="UTF-8"/>
        <property name="continueOnError" value="false"/>
        <property name="ignoreFailedDrops" value="true"/>
        <property name="scripts">
            <list>
                <value>classpath:db/h2/test-schema.sql</value>
                <value>classpath:db/h2/test-data.sql</value>
            </list>
        </property>
    </bean>

    <!-- SessionFactory Configuration -->
    <bean id="sessionFactory" class="org.springframework.orm.hibernate5.LocalSessionFactoryBean">
        <property name="dataSource" ref="dataSource"/>
        <property name="hibernateProperties">
            <props>
                <prop key="hibernate.dialect">org.hibernate.dialect.H2Dialect</prop>
                <prop key="hibernate.hbm2ddl.auto">none</prop>
                <prop key="hibernate.show_sql">true</prop>
            </props>
        </property>
        <property name="packagesToScan">
            <list>
                <value>com.develop.springmvc.model.entities</value>
            </list>
        </property>
    </bean>

    <!-- Transaction Manager -->
    <bean id="transactionManager" class="org.springframework.orm.hibernate5.HibernateTransactionManager">
        <property name="sessionFactory" ref="sessionFactory"/>
    </bean>
    <tx:annotation-driven transaction-manager="transactionManager"/>

</beans>
